{"contracts/DAO.sol":{"l":{"48":57,"52":57,"53":57,"54":57,"58":16,"62":14,"66":13,"70":13,"74":2,"78":2,"82":12,"86":11,"93":13,"95":13,"97":13,"104":3,"108":2,"113":2,"114":2,"116":2,"130":18,"135":17,"137":17,"138":17,"139":17,"140":17,"141":17,"142":17,"144":17,"146":17,"148":17,"167":1,"183":8,"189":7,"191":7,"198":1,"203":0,"205":0,"207":0,"208":0,"209":0,"211":0,"224":3,"229":3,"230":3,"232":3,"237":3,"250":2,"251":2,"253":0,"263":0,"268":0,"269":0,"280":1,"286":1,"293":7,"295":7,"298":7,"300":7,"302":7,"313":1,"315":1,"330":2,"334":2,"335":1,"337":1,"339":0,"350":2,"354":0,"356":0,"358":2,"369":4,"371":4,"383":16,"390":2,"392":2,"394":2,"396":1},"path":"/Users/user/Desktop/Crypto/Projects/crypton_academy_2_DAO/contracts/DAO.sol","s":{"1":57,"2":57,"3":57,"4":57,"5":16,"6":13,"7":2,"8":12,"9":13,"10":13,"11":13,"12":3,"13":2,"14":2,"15":2,"16":2,"17":18,"18":17,"19":17,"20":17,"21":17,"22":17,"23":17,"24":17,"25":17,"26":17,"27":1,"28":8,"29":7,"30":7,"31":1,"32":0,"33":0,"34":0,"35":0,"36":0,"37":0,"38":3,"39":3,"40":3,"41":3,"42":3,"43":2,"44":0,"45":2,"46":1,"47":0,"48":0,"49":0,"50":0,"51":1,"52":1,"53":7,"54":7,"55":7,"56":7,"57":7,"58":1,"59":1,"60":2,"61":2,"62":1,"63":1,"64":0,"65":2,"66":0,"67":0,"68":2,"69":4,"70":4,"71":16,"72":2,"73":2,"74":2,"75":1},"b":{"1":[57,0],"2":[14,2],"3":[13,0],"4":[2,0],"5":[11,1],"6":[2,1],"7":[2,0],"8":[17,1],"9":[7,1],"10":[0,1],"11":[3,0],"12":[0,2],"13":[1,0],"14":[0,0],"15":[2,0],"16":[0,2],"17":[1,1]},"f":{"1":57,"2":16,"3":13,"4":2,"5":12,"6":13,"7":3,"8":18,"9":1,"10":8,"11":1,"12":3,"13":2,"14":0,"15":1,"16":1,"17":7,"18":1,"19":2,"20":2,"21":4,"22":16,"23":2},"fnMap":{"1":{"name":"constructor","line":47,"loc":{"start":{"line":47,"column":4},"end":{"line":55,"column":4}}},"2":{"name":"proposalExist","line":57,"loc":{"start":{"line":57,"column":4},"end":{"line":63,"column":4}}},"3":{"name":"proposalIsOpened","line":65,"loc":{"start":{"line":65,"column":4},"end":{"line":71,"column":4}}},"4":{"name":"proposalHasEnoughQuorum","line":73,"loc":{"start":{"line":73,"column":4},"end":{"line":79,"column":4}}},"5":{"name":"proposalInProgress","line":81,"loc":{"start":{"line":81,"column":4},"end":{"line":87,"column":4}}},"6":{"name":"deposit","line":92,"loc":{"start":{"line":92,"column":4},"end":{"line":98,"column":4}}},"7":{"name":"withdraw","line":103,"loc":{"start":{"line":103,"column":4},"end":{"line":117,"column":4}}},"8":{"name":"newProposal","line":125,"loc":{"start":{"line":125,"column":4},"end":{"line":149,"column":4}}},"9":{"name":"getProposal","line":160,"loc":{"start":{"line":157,"column":4},"end":{"line":172,"column":4}}},"10":{"name":"vote","line":181,"loc":{"start":{"line":177,"column":4},"end":{"line":192,"column":4}}},"11":{"name":"unVote","line":197,"loc":{"start":{"line":197,"column":4},"end":{"line":212,"column":4}}},"12":{"name":"delegate","line":222,"loc":{"start":{"line":218,"column":4},"end":{"line":238,"column":4}}},"13":{"name":"executeProposal","line":247,"loc":{"start":{"line":243,"column":4},"end":{"line":254,"column":4}}},"14":{"name":"changeVotingRules","line":260,"loc":{"start":{"line":260,"column":4},"end":{"line":270,"column":4}}},"15":{"name":"getProposalBalance","line":275,"loc":{"start":{"line":275,"column":4},"end":{"line":281,"column":4}}},"16":{"name":"getVoterDaoBalance","line":285,"loc":{"start":{"line":285,"column":4},"end":{"line":287,"column":4}}},"17":{"name":"_distributeTokensForVoting","line":292,"loc":{"start":{"line":292,"column":4},"end":{"line":306,"column":4}}},"18":{"name":"_closeProposal","line":312,"loc":{"start":{"line":312,"column":4},"end":{"line":320,"column":4}}},"19":{"name":"_closeSuccessfulProposal","line":326,"loc":{"start":{"line":326,"column":4},"end":{"line":340,"column":4}}},"20":{"name":"_closeOutdatedProposal","line":346,"loc":{"start":{"line":346,"column":4},"end":{"line":359,"column":4}}},"21":{"name":"_isProposalHasEnoughQuorum","line":364,"loc":{"start":{"line":364,"column":4},"end":{"line":373,"column":4}}},"22":{"name":"_isProposalDeadlinePassed","line":378,"loc":{"start":{"line":378,"column":4},"end":{"line":384,"column":4}}},"23":{"name":"_executeProposal","line":389,"loc":{"start":{"line":389,"column":4},"end":{"line":401,"column":4}}}},"statementMap":{"1":{"start":{"line":48,"column":8},"end":{"line":48,"column":1460}},"2":{"start":{"line":52,"column":8},"end":{"line":52,"column":36}},"3":{"start":{"line":53,"column":8},"end":{"line":53,"column":29}},"4":{"start":{"line":54,"column":8},"end":{"line":54,"column":28}},"5":{"start":{"line":58,"column":8},"end":{"line":58,"column":1772}},"6":{"start":{"line":66,"column":8},"end":{"line":66,"column":1971}},"7":{"start":{"line":74,"column":8},"end":{"line":74,"column":2190}},"8":{"start":{"line":82,"column":8},"end":{"line":82,"column":2422}},"9":{"start":{"line":93,"column":8},"end":{"line":93,"column":65}},"10":{"start":{"line":95,"column":8},"end":{"line":95,"column":38}},"11":{"start":{"line":97,"column":8},"end":{"line":97,"column":41}},"12":{"start":{"line":104,"column":8},"end":{"line":104,"column":3058}},"13":{"start":{"line":108,"column":8},"end":{"line":108,"column":3195}},"14":{"start":{"line":113,"column":8},"end":{"line":113,"column":46}},"15":{"start":{"line":114,"column":8},"end":{"line":114,"column":38}},"16":{"start":{"line":116,"column":8},"end":{"line":116,"column":42}},"17":{"start":{"line":130,"column":8},"end":{"line":130,"column":3913}},"18":{"start":{"line":135,"column":8},"end":{"line":135,"column":57}},"19":{"start":{"line":137,"column":8},"end":{"line":137,"column":36}},"20":{"start":{"line":138,"column":8},"end":{"line":138,"column":38}},"21":{"start":{"line":139,"column":8},"end":{"line":139,"column":42}},"22":{"start":{"line":140,"column":8},"end":{"line":140,"column":40}},"23":{"start":{"line":141,"column":8},"end":{"line":141,"column":63}},"24":{"start":{"line":142,"column":8},"end":{"line":142,"column":27}},"25":{"start":{"line":144,"column":8},"end":{"line":144,"column":75}},"26":{"start":{"line":148,"column":8},"end":{"line":148,"column":29}},"27":{"start":{"line":167,"column":8},"end":{"line":167,"column":5004}},"28":{"start":{"line":183,"column":8},"end":{"line":183,"column":5477}},"29":{"start":{"line":189,"column":8},"end":{"line":189,"column":46}},"30":{"start":{"line":191,"column":8},"end":{"line":191,"column":43}},"31":{"start":{"line":198,"column":8},"end":{"line":198,"column":5969}},"32":{"start":{"line":203,"column":8},"end":{"line":203,"column":58}},"33":{"start":{"line":205,"column":8},"end":{"line":205,"column":57}},"34":{"start":{"line":207,"column":8},"end":{"line":207,"column":42}},"35":{"start":{"line":208,"column":8},"end":{"line":208,"column":34}},"36":{"start":{"line":209,"column":8},"end":{"line":209,"column":38}},"37":{"start":{"line":211,"column":8},"end":{"line":211,"column":45}},"38":{"start":{"line":224,"column":8},"end":{"line":224,"column":6769}},"39":{"start":{"line":229,"column":8},"end":{"line":229,"column":51}},"40":{"start":{"line":230,"column":8},"end":{"line":230,"column":74}},"41":{"start":{"line":232,"column":8},"end":{"line":232,"column":7048}},"42":{"start":{"line":237,"column":8},"end":{"line":237,"column":51}},"43":{"start":{"line":250,"column":8},"end":{"line":250,"column":60}},"44":{"start":{"line":250,"column":49},"end":{"line":250,"column":60}},"45":{"start":{"line":251,"column":8},"end":{"line":251,"column":62}},"46":{"start":{"line":251,"column":51},"end":{"line":251,"column":62}},"47":{"start":{"line":253,"column":8},"end":{"line":253,"column":20}},"48":{"start":{"line":263,"column":8},"end":{"line":263,"column":8085}},"49":{"start":{"line":268,"column":8},"end":{"line":268,"column":35}},"50":{"start":{"line":269,"column":8},"end":{"line":269,"column":29}},"51":{"start":{"line":280,"column":8},"end":{"line":280,"column":41}},"52":{"start":{"line":286,"column":8},"end":{"line":286,"column":35}},"53":{"start":{"line":293,"column":8},"end":{"line":293,"column":58}},"54":{"start":{"line":295,"column":8},"end":{"line":295,"column":9033}},"55":{"start":{"line":298,"column":8},"end":{"line":298,"column":58}},"56":{"start":{"line":300,"column":8},"end":{"line":300,"column":44}},"57":{"start":{"line":302,"column":8},"end":{"line":302,"column":9232}},"58":{"start":{"line":313,"column":8},"end":{"line":313,"column":42}},"59":{"start":{"line":315,"column":8},"end":{"line":315,"column":9668}},"60":{"start":{"line":330,"column":8},"end":{"line":330,"column":10075}},"61":{"start":{"line":334,"column":12},"end":{"line":334,"column":40}},"62":{"start":{"line":335,"column":12},"end":{"line":335,"column":44}},"63":{"start":{"line":337,"column":12},"end":{"line":337,"column":23}},"64":{"start":{"line":339,"column":8},"end":{"line":339,"column":20}},"65":{"start":{"line":350,"column":8},"end":{"line":350,"column":10626}},"66":{"start":{"line":354,"column":12},"end":{"line":354,"column":45}},"67":{"start":{"line":356,"column":12},"end":{"line":356,"column":23}},"68":{"start":{"line":358,"column":8},"end":{"line":358,"column":20}},"69":{"start":{"line":369,"column":8},"end":{"line":369,"column":49}},"70":{"start":{"line":371,"column":8},"end":{"line":371,"column":11208}},"71":{"start":{"line":383,"column":8},"end":{"line":383,"column":70}},"72":{"start":{"line":390,"column":8},"end":{"line":390,"column":58}},"73":{"start":{"line":392,"column":8},"end":{"line":392,"column":73}},"74":{"start":{"line":394,"column":8},"end":{"line":394,"column":74}},"75":{"start":{"line":396,"column":8},"end":{"line":396,"column":11920}}},"branchMap":{"1":{"line":48,"type":"if","locations":[{"start":{"line":48,"column":8},"end":{"line":48,"column":8}},{"start":{"line":48,"column":8},"end":{"line":48,"column":8}}]},"2":{"line":58,"type":"if","locations":[{"start":{"line":58,"column":8},"end":{"line":58,"column":8}},{"start":{"line":58,"column":8},"end":{"line":58,"column":8}}]},"3":{"line":66,"type":"if","locations":[{"start":{"line":66,"column":8},"end":{"line":66,"column":8}},{"start":{"line":66,"column":8},"end":{"line":66,"column":8}}]},"4":{"line":74,"type":"if","locations":[{"start":{"line":74,"column":8},"end":{"line":74,"column":8}},{"start":{"line":74,"column":8},"end":{"line":74,"column":8}}]},"5":{"line":82,"type":"if","locations":[{"start":{"line":82,"column":8},"end":{"line":82,"column":8}},{"start":{"line":82,"column":8},"end":{"line":82,"column":8}}]},"6":{"line":104,"type":"if","locations":[{"start":{"line":104,"column":8},"end":{"line":104,"column":8}},{"start":{"line":104,"column":8},"end":{"line":104,"column":8}}]},"7":{"line":108,"type":"if","locations":[{"start":{"line":108,"column":8},"end":{"line":108,"column":8}},{"start":{"line":108,"column":8},"end":{"line":108,"column":8}}]},"8":{"line":130,"type":"if","locations":[{"start":{"line":130,"column":8},"end":{"line":130,"column":8}},{"start":{"line":130,"column":8},"end":{"line":130,"column":8}}]},"9":{"line":183,"type":"if","locations":[{"start":{"line":183,"column":8},"end":{"line":183,"column":8}},{"start":{"line":183,"column":8},"end":{"line":183,"column":8}}]},"10":{"line":198,"type":"if","locations":[{"start":{"line":198,"column":8},"end":{"line":198,"column":8}},{"start":{"line":198,"column":8},"end":{"line":198,"column":8}}]},"11":{"line":224,"type":"if","locations":[{"start":{"line":224,"column":8},"end":{"line":224,"column":8}},{"start":{"line":224,"column":8},"end":{"line":224,"column":8}}]},"12":{"line":250,"type":"if","locations":[{"start":{"line":250,"column":8},"end":{"line":250,"column":8}},{"start":{"line":250,"column":8},"end":{"line":250,"column":8}}]},"13":{"line":251,"type":"if","locations":[{"start":{"line":251,"column":8},"end":{"line":251,"column":8}},{"start":{"line":251,"column":8},"end":{"line":251,"column":8}}]},"14":{"line":263,"type":"if","locations":[{"start":{"line":263,"column":8},"end":{"line":263,"column":8}},{"start":{"line":263,"column":8},"end":{"line":263,"column":8}}]},"15":{"line":330,"type":"if","locations":[{"start":{"line":330,"column":8},"end":{"line":330,"column":8}},{"start":{"line":330,"column":8},"end":{"line":330,"column":8}}]},"16":{"line":350,"type":"if","locations":[{"start":{"line":350,"column":8},"end":{"line":350,"column":8}},{"start":{"line":350,"column":8},"end":{"line":350,"column":8}}]},"17":{"line":394,"type":"if","locations":[{"start":{"line":394,"column":8},"end":{"line":394,"column":8}},{"start":{"line":394,"column":8},"end":{"line":394,"column":8}}]}}},"contracts/IDAO.sol":{"l":{},"path":"/Users/user/Desktop/Crypto/Projects/crypton_academy_2_DAO/contracts/IDAO.sol","s":{},"b":{},"f":{},"fnMap":{},"statementMap":{},"branchMap":{}},"contracts/Token/CRGToken.sol":{"l":{"19":57,"20":57,"24":0,"28":0},"path":"/Users/user/Desktop/Crypto/Projects/crypton_academy_2_DAO/contracts/Token/CRGToken.sol","s":{"1":57,"2":57,"3":0,"4":0},"b":{},"f":{"1":57,"2":0,"3":0},"fnMap":{"1":{"name":"constructor","line":18,"loc":{"start":{"line":14,"column":4},"end":{"line":21,"column":4}}},"2":{"name":"burn","line":23,"loc":{"start":{"line":23,"column":4},"end":{"line":25,"column":4}}},"3":{"name":"mint","line":27,"loc":{"start":{"line":27,"column":4},"end":{"line":29,"column":4}}}},"statementMap":{"1":{"start":{"line":19,"column":8},"end":{"line":19,"column":49}},"2":{"start":{"line":20,"column":8},"end":{"line":20,"column":56}},"3":{"start":{"line":24,"column":8},"end":{"line":24,"column":26}},"4":{"start":{"line":28,"column":8},"end":{"line":28,"column":24}}},"branchMap":{}},"contracts/Token/ERC20.sol":{"l":{"21":57,"22":57,"23":57,"27":0,"32":0,"33":0,"35":0,"36":0,"40":57,"41":57,"43":57,"44":57,"48":4,"52":1,"56":0,"60":0,"68":13,"69":13,"78":89,"87":3,"88":3,"96":13,"98":13,"99":13,"104":13,"108":13,"117":0,"125":16,"127":16,"131":16,"135":16,"137":16,"145":26,"146":26},"path":"/Users/user/Desktop/Crypto/Projects/crypton_academy_2_DAO/contracts/Token/ERC20.sol","s":{"1":57,"2":57,"3":57,"4":0,"5":0,"6":0,"7":0,"8":0,"9":57,"10":57,"11":57,"12":57,"13":4,"14":1,"15":0,"16":0,"17":13,"18":13,"19":89,"20":3,"21":3,"22":13,"23":13,"24":13,"25":13,"26":0,"27":16,"28":16,"29":16,"30":16,"31":26,"32":26},"b":{"1":[0,0],"2":[13,0],"3":[16,0]},"f":{"1":57,"2":0,"3":57,"4":4,"5":1,"6":0,"7":0,"8":13,"9":89,"10":3,"11":13,"12":0,"13":16,"14":26},"fnMap":{"1":{"name":"constructor","line":16,"loc":{"start":{"line":16,"column":4},"end":{"line":24,"column":4}}},"2":{"name":"_burn","line":26,"loc":{"start":{"line":26,"column":4},"end":{"line":37,"column":4}}},"3":{"name":"_mint","line":39,"loc":{"start":{"line":39,"column":4},"end":{"line":45,"column":4}}},"4":{"name":"totalSupply","line":47,"loc":{"start":{"line":47,"column":4},"end":{"line":49,"column":4}}},"5":{"name":"name","line":51,"loc":{"start":{"line":51,"column":4},"end":{"line":53,"column":4}}},"6":{"name":"symbol","line":55,"loc":{"start":{"line":55,"column":4},"end":{"line":57,"column":4}}},"7":{"name":"decimals","line":59,"loc":{"start":{"line":59,"column":4},"end":{"line":61,"column":4}}},"8":{"name":"approve","line":63,"loc":{"start":{"line":63,"column":4},"end":{"line":70,"column":4}}},"9":{"name":"balanceOf","line":72,"loc":{"start":{"line":72,"column":4},"end":{"line":79,"column":4}}},"10":{"name":"transfer","line":81,"loc":{"start":{"line":81,"column":4},"end":{"line":89,"column":4}}},"11":{"name":"transferFrom","line":91,"loc":{"start":{"line":91,"column":4},"end":{"line":109,"column":4}}},"12":{"name":"allowance","line":111,"loc":{"start":{"line":111,"column":4},"end":{"line":118,"column":4}}},"13":{"name":"_transfer","line":120,"loc":{"start":{"line":120,"column":4},"end":{"line":138,"column":4}}},"14":{"name":"_approve","line":140,"loc":{"start":{"line":140,"column":4},"end":{"line":147,"column":4}}}},"statementMap":{"1":{"start":{"line":21,"column":8},"end":{"line":21,"column":20}},"2":{"start":{"line":22,"column":8},"end":{"line":22,"column":24}},"3":{"start":{"line":23,"column":8},"end":{"line":23,"column":28}},"4":{"start":{"line":27,"column":8},"end":{"line":27,"column":651}},"5":{"start":{"line":32,"column":8},"end":{"line":32,"column":29}},"6":{"start":{"line":33,"column":8},"end":{"line":33,"column":32}},"7":{"start":{"line":35,"column":8},"end":{"line":35,"column":47}},"8":{"start":{"line":36,"column":8},"end":{"line":36,"column":19}},"9":{"start":{"line":40,"column":8},"end":{"line":40,"column":29}},"10":{"start":{"line":41,"column":8},"end":{"line":41,"column":30}},"11":{"start":{"line":43,"column":8},"end":{"line":43,"column":45}},"12":{"start":{"line":44,"column":8},"end":{"line":44,"column":19}},"13":{"start":{"line":48,"column":8},"end":{"line":48,"column":27}},"14":{"start":{"line":52,"column":8},"end":{"line":52,"column":20}},"15":{"start":{"line":56,"column":8},"end":{"line":56,"column":22}},"16":{"start":{"line":60,"column":8},"end":{"line":60,"column":24}},"17":{"start":{"line":68,"column":8},"end":{"line":68,"column":44}},"18":{"start":{"line":69,"column":8},"end":{"line":69,"column":19}},"19":{"start":{"line":78,"column":8},"end":{"line":78,"column":36}},"20":{"start":{"line":87,"column":8},"end":{"line":87,"column":39}},"21":{"start":{"line":88,"column":8},"end":{"line":88,"column":19}},"22":{"start":{"line":96,"column":8},"end":{"line":96,"column":34}},"23":{"start":{"line":98,"column":8},"end":{"line":98,"column":64}},"24":{"start":{"line":99,"column":8},"end":{"line":99,"column":2357}},"25":{"start":{"line":108,"column":8},"end":{"line":108,"column":19}},"26":{"start":{"line":117,"column":8},"end":{"line":117,"column":47}},"27":{"start":{"line":125,"column":8},"end":{"line":125,"column":49}},"28":{"start":{"line":127,"column":8},"end":{"line":127,"column":2962}},"29":{"start":{"line":135,"column":8},"end":{"line":135,"column":30}},"30":{"start":{"line":137,"column":8},"end":{"line":137,"column":41}},"31":{"start":{"line":145,"column":8},"end":{"line":145,"column":37}},"32":{"start":{"line":146,"column":8},"end":{"line":146,"column":39}}},"branchMap":{"1":{"line":27,"type":"if","locations":[{"start":{"line":27,"column":8},"end":{"line":27,"column":8}},{"start":{"line":27,"column":8},"end":{"line":27,"column":8}}]},"2":{"line":99,"type":"if","locations":[{"start":{"line":99,"column":8},"end":{"line":99,"column":8}},{"start":{"line":99,"column":8},"end":{"line":99,"column":8}}]},"3":{"line":127,"type":"if","locations":[{"start":{"line":127,"column":8},"end":{"line":127,"column":8}},{"start":{"line":127,"column":8},"end":{"line":127,"column":8}}]}}},"contracts/Token/IERC20.sol":{"l":{},"path":"/Users/user/Desktop/Crypto/Projects/crypton_academy_2_DAO/contracts/Token/IERC20.sol","s":{},"b":{},"f":{},"fnMap":{},"statementMap":{},"branchMap":{}}}