TN:
SF:/Users/user/Desktop/Crypto/Projects/crypton_academy_2_DAO/contracts/DAO.sol
FN:47,constructor
FN:57,proposalExist
FN:65,proposalIsOpened
FN:73,proposalHasEnoughQuorum
FN:81,proposalInProgress
FN:92,deposit
FN:103,withdraw
FN:125,newProposal
FN:160,getProposal
FN:181,vote
FN:197,unVote
FN:222,delegate
FN:247,executeProposal
FN:260,changeVotingRules
FN:275,getProposalBalance
FN:285,getVoterDaoBalance
FN:292,_distributeTokensForVoting
FN:312,_closeProposal
FN:326,_closeSuccessfulProposal
FN:346,_closeOutdatedProposal
FN:364,_isProposalHasEnoughQuorum
FN:378,_isProposalDeadlinePassed
FN:389,_executeProposal
FNF:23
FNH:22
FNDA:57,constructor
FNDA:16,proposalExist
FNDA:13,proposalIsOpened
FNDA:2,proposalHasEnoughQuorum
FNDA:12,proposalInProgress
FNDA:13,deposit
FNDA:3,withdraw
FNDA:18,newProposal
FNDA:1,getProposal
FNDA:8,vote
FNDA:1,unVote
FNDA:3,delegate
FNDA:2,executeProposal
FNDA:0,changeVotingRules
FNDA:1,getProposalBalance
FNDA:1,getVoterDaoBalance
FNDA:7,_distributeTokensForVoting
FNDA:1,_closeProposal
FNDA:2,_closeSuccessfulProposal
FNDA:2,_closeOutdatedProposal
FNDA:4,_isProposalHasEnoughQuorum
FNDA:16,_isProposalDeadlinePassed
FNDA:2,_executeProposal
DA:48,57
DA:52,57
DA:53,57
DA:54,57
DA:58,16
DA:62,14
DA:66,13
DA:70,13
DA:74,2
DA:78,2
DA:82,12
DA:86,11
DA:93,13
DA:95,13
DA:97,13
DA:104,3
DA:108,2
DA:113,2
DA:114,2
DA:116,2
DA:130,18
DA:135,17
DA:137,17
DA:138,17
DA:139,17
DA:140,17
DA:141,17
DA:142,17
DA:144,17
DA:146,17
DA:148,17
DA:167,1
DA:183,8
DA:189,7
DA:191,7
DA:198,1
DA:203,0
DA:205,0
DA:207,0
DA:208,0
DA:209,0
DA:211,0
DA:224,3
DA:229,3
DA:230,3
DA:232,3
DA:237,3
DA:250,2
DA:251,2
DA:253,0
DA:263,0
DA:268,0
DA:269,0
DA:280,1
DA:286,1
DA:293,7
DA:295,7
DA:298,7
DA:300,7
DA:302,7
DA:313,1
DA:315,1
DA:330,2
DA:334,2
DA:335,1
DA:337,1
DA:339,0
DA:350,2
DA:354,0
DA:356,0
DA:358,2
DA:369,4
DA:371,4
DA:383,16
DA:390,2
DA:392,2
DA:394,2
DA:396,1
LF:78
LH:65
BRDA:48,1,0,57
BRDA:48,1,1,0
BRDA:58,2,0,14
BRDA:58,2,1,2
BRDA:66,3,0,13
BRDA:66,3,1,0
BRDA:74,4,0,2
BRDA:74,4,1,0
BRDA:82,5,0,11
BRDA:82,5,1,1
BRDA:104,6,0,2
BRDA:104,6,1,1
BRDA:108,7,0,2
BRDA:108,7,1,0
BRDA:130,8,0,17
BRDA:130,8,1,1
BRDA:183,9,0,7
BRDA:183,9,1,1
BRDA:198,10,0,0
BRDA:198,10,1,1
BRDA:224,11,0,3
BRDA:224,11,1,0
BRDA:250,12,0,0
BRDA:250,12,1,2
BRDA:251,13,0,1
BRDA:251,13,1,0
BRDA:263,14,0,0
BRDA:263,14,1,0
BRDA:330,15,0,2
BRDA:330,15,1,0
BRDA:350,16,0,0
BRDA:350,16,1,2
BRDA:394,17,0,1
BRDA:394,17,1,1
BRF:34
BRH:22
end_of_record
TN:
SF:/Users/user/Desktop/Crypto/Projects/crypton_academy_2_DAO/contracts/IDAO.sol
FNF:0
FNH:0
LF:0
LH:0
BRF:0
BRH:0
end_of_record
TN:
SF:/Users/user/Desktop/Crypto/Projects/crypton_academy_2_DAO/contracts/Token/CRGToken.sol
FN:18,constructor
FN:23,burn
FN:27,mint
FNF:3
FNH:1
FNDA:57,constructor
FNDA:0,burn
FNDA:0,mint
DA:19,57
DA:20,57
DA:24,0
DA:28,0
LF:4
LH:2
BRF:0
BRH:0
end_of_record
TN:
SF:/Users/user/Desktop/Crypto/Projects/crypton_academy_2_DAO/contracts/Token/ERC20.sol
FN:16,constructor
FN:26,_burn
FN:39,_mint
FN:47,totalSupply
FN:51,name
FN:55,symbol
FN:59,decimals
FN:63,approve
FN:72,balanceOf
FN:81,transfer
FN:91,transferFrom
FN:111,allowance
FN:120,_transfer
FN:140,_approve
FNF:14
FNH:10
FNDA:57,constructor
FNDA:0,_burn
FNDA:57,_mint
FNDA:4,totalSupply
FNDA:1,name
FNDA:0,symbol
FNDA:0,decimals
FNDA:13,approve
FNDA:89,balanceOf
FNDA:3,transfer
FNDA:13,transferFrom
FNDA:0,allowance
FNDA:16,_transfer
FNDA:26,_approve
DA:21,57
DA:22,57
DA:23,57
DA:27,0
DA:32,0
DA:33,0
DA:35,0
DA:36,0
DA:40,57
DA:41,57
DA:43,57
DA:44,57
DA:48,4
DA:52,1
DA:56,0
DA:60,0
DA:68,13
DA:69,13
DA:78,89
DA:87,3
DA:88,3
DA:96,13
DA:98,13
DA:99,13
DA:104,13
DA:108,13
DA:117,0
DA:125,16
DA:127,16
DA:131,16
DA:135,16
DA:137,16
DA:145,26
DA:146,26
LF:34
LH:26
BRDA:27,1,0,0
BRDA:27,1,1,0
BRDA:99,2,0,13
BRDA:99,2,1,0
BRDA:127,3,0,16
BRDA:127,3,1,0
BRF:6
BRH:2
end_of_record
TN:
SF:/Users/user/Desktop/Crypto/Projects/crypton_academy_2_DAO/contracts/Token/IERC20.sol
FNF:0
FNH:0
LF:0
LH:0
BRF:0
BRH:0
end_of_record
